2017-07-12 20:28:31.667 [INFO] DAQ_InitWithOptions, ResourceName = PXI::13::INSTER
2017-07-12 20:28:31.667 [INFO] DAQ_InitWithOptions, ResourceName = PXI::13::INSTER, ´ò¿ªÊ§°Ü£¡
2017-07-12 20:28:31.668 [INFO] DAQ_InitWithOptions, ResourceName = PXI::13::INSTER, Vi = 1181704
2017-07-12 20:28:31.668 [INFO] WriteDWord: Adress = 0x58c, Data = 0x1
2017-07-12 20:28:31.678 [INFO] WriteDWord: Adress = 0x594, Data = 0x0
2017-07-12 20:28:31.688 [INFO] WriteDWord: Adress = 0x594, Data = 0x1
2017-07-12 20:28:31.698 [INFO] WriteDWord: Adress = 0x594, Data = 0x0
2017-07-12 20:28:31.708 [INFO] WriteDWord: Adress = 0x58c, Data = 0x2
2017-07-12 20:28:31.718 [INFO] WriteDWord: Adress = 0x594, Data = 0x0
2017-07-12 20:28:31.728 [INFO] WriteDWord: Adress = 0x594, Data = 0x1
2017-07-12 20:28:31.738 [INFO] WriteDWord: Adress = 0x594, Data = 0x0
2017-07-12 20:28:31.748 [INFO] WriteDWord: Adress = 0x58c, Data = 0x3
2017-07-12 20:28:31.758 [INFO] WriteDWord: Adress = 0x594, Data = 0x0
2017-07-12 20:28:31.768 [INFO] WriteDWord: Adress = 0x594, Data = 0x1
2017-07-12 20:28:31.778 [INFO] WriteDWord: Adress = 0x594, Data = 0x0
2017-07-12 20:28:31.788 [INFO] WriteDWord: Adress = 0x58c, Data = 0x4
2017-07-12 20:28:31.798 [INFO] WriteDWord: Adress = 0x594, Data = 0x0
2017-07-12 20:28:31.808 [INFO] WriteDWord: Adress = 0x594, Data = 0x1
2017-07-12 20:28:31.818 [INFO] WriteDWord: Adress = 0x594, Data = 0x0
2017-07-12 20:28:31.828 [INFO] WriteDWord: Adress = 0x58c, Data = 0x5
2017-07-12 20:28:31.838 [INFO] WriteDWord: Adress = 0x594, Data = 0x0
2017-07-12 20:28:31.848 [INFO] WriteDWord: Adress = 0x594, Data = 0x1
2017-07-12 20:28:31.858 [INFO] WriteDWord: Adress = 0x594, Data = 0x0
2017-07-12 20:28:31.868 [INFO] WriteDWord: Adress = 0x58c, Data = 0x6
2017-07-12 20:28:31.878 [INFO] WriteDWord: Adress = 0x594, Data = 0x0
2017-07-12 20:28:31.888 [INFO] WriteDWord: Adress = 0x594, Data = 0x1
2017-07-12 20:28:31.898 [INFO] WriteDWord: Adress = 0x594, Data = 0x0
2017-07-12 20:28:31.908 [INFO] WriteDWord: Adress = 0x4f4, Data = 0x200b70
2017-07-12 20:28:31.908 [INFO] WriteDWord: Adress = 0x504, Data = 0x0
2017-07-12 20:28:31.908 [INFO] WriteDWord: Adress = 0x504, Data = 0x1
2017-07-12 20:28:31.908 [INFO] WriteDWord: Adress = 0x504, Data = 0x0
2017-07-12 20:28:31.908 [INFO] WriteDWord: Adress = 0x504, Data = 0x1
2017-07-12 20:28:31.908 [INFO] WriteDWord: Adress = 0x5b4, Data = 0x80
2017-07-12 20:28:48.108 [INFO] DAQ_ConfigureChannel, Vi = 0, Channel = (null), Range = 10.000, Enabled = 1
2017-07-12 20:28:48.704 [INFO] DAQ_ConfigureChannel, Vi = 0, Channel = (null), Range = 10.000, Enabled = 0
2017-07-12 20:28:52.115 [INFO] DAQ_ConfigureChannel, Vi = 0, Channel = (null), Range = 10.000, Enabled = 1
2017-07-12 20:28:55.581 [INFO] DAQ_ConfigureChannel, Vi = 5246376, Channel = VAL_CH0, Range = 10.000, Enabled = 1
2017-07-12 20:28:55.581 [INFO] WriteDWord: Adress = 0x4f0, Data = 0x3f
2017-07-12 20:28:55.601 [INFO] WriteDWord: Adress = 0x50c, Data = 0x0
2017-07-12 20:28:55.621 [INFO] WriteDWord: Adress = 0x500, Data = 0x0
2017-07-12 20:28:55.641 [INFO] WriteDWord: Adress = 0x500, Data = 0x1
2017-07-12 20:28:55.661 [INFO] WriteDWord: Adress = 0x500, Data = 0x0
2017-07-12 20:28:59.313 [INFO] DAQ_ConfigureChannel, Vi = 5246376, Channel = VAL_CH0, Range = 10.000, Enabled = 1
2017-07-12 20:29:02.257 [INFO] DAQ_ConfigureChannel, Vi = 5246376, Channel = VAL_CH0, Range = 10.000, Enabled = 1
2017-07-12 20:29:07.575 [INFO] ReadDWord: Adress = 0x580, Data = 0xcccccccc
2017-07-12 20:29:07.575 [INFO] ReadDWord: Adress = 0x580, Data = 0xcccccccc
2017-07-12 20:29:07.575 [INFO] ReadDWord: Adress = 0x580, Data = 0xcccccccc
2017-07-12 20:29:07.575 [INFO] ReadDWord: Adress = 0x580, Data = 0xcccccccc
2017-07-12 20:29:07.575 [INFO] ReadDWord: Adress = 0x580, Data = 0xcccccccc
2017-07-12 20:29:07.575 [INFO] ReadDWord: Adress = 0x580, Data = 0xcccccccc
2017-07-12 20:29:07.575 [INFO] ReadDWord: Adress = 0x580, Data = 0xcccccccc
2017-07-12 20:29:07.575 [INFO] ReadDWord: Adress = 0x580, Data = 0xcccccccc
2017-07-12 20:29:07.575 [INFO] ReadDWord: Adress = 0x580, Data = 0xcccccccc
2017-07-12 20:29:07.575 [INFO] ReadDWord: Adress = 0x580, Data = 0xcccccccc
2017-07-12 20:29:07.575 [INFO] ReadDWord: Adress = 0x580, Data = 0xcccccccc
2017-07-12 20:29:07.575 [INFO] ReadDWord: Adress = 0x580, Data = 0xcccccccc
2017-07-12 20:29:07.575 [INFO] ReadDWord: Adress = 0x580, Data = 0xcccccccc
2017-07-12 20:29:07.576 [INFO] ReadDWord: Adress = 0x580, Data = 0xcccccccc
2017-07-12 20:29:07.576 [INFO] ReadDWord: Adress = 0x580, Data = 0xcccccccc
2017-07-12 20:29:07.576 [INFO] ReadDWord: Adress = 0x580, Data = 0xcccccccc
2017-07-12 20:29:07.576 [INFO] ReadDWord: Adress = 0x580, Data = 0xcccccccc
2017-07-12 20:29:07.576 [INFO] ReadDWord: Adress = 0x580, Data = 0xcccccccc
2017-07-12 20:29:07.576 [INFO] ReadDWord: Adress = 0x580, Data = 0xcccccccc
2017-07-12 20:29:07.576 [INFO] ReadDWord: Adress = 0x580, Data = 0xcccccccc
2017-07-12 20:29:07.576 [INFO] ReadDWord: Adress = 0x580, Data = 0xcccccccc
2017-07-12 20:29:07.576 [INFO] ReadDWord: Adress = 0x580, Data = 0xcccccccc
2017-07-12 20:29:07.576 [INFO] ReadDWord: Adress = 0x580, Data = 0xcccccccc
2017-07-12 20:29:07.576 [INFO] ReadDWord: Adress = 0x580, Data = 0xcccccccc
2017-07-12 20:29:07.576 [INFO] ReadDWord: Adress = 0x580, Data = 0xcccccccc
2017-07-12 20:29:07.576 [INFO] ReadDWord: Adress = 0x580, Data = 0xcccccccc
2017-07-12 20:29:07.576 [INFO] ReadDWord: Adress = 0x580, Data = 0xcccccccc
2017-07-12 20:29:07.576 [INFO] ReadDWord: Adress = 0x580, Data = 0xcccccccc
2017-07-12 20:29:07.577 [INFO] ReadDWord: Adress = 0x580, Data = 0xcccccccc
2017-07-12 20:29:07.577 [INFO] ReadDWord: Adress = 0x580, Data = 0xcccccccc
2017-07-12 20:29:07.577 [INFO] ReadDWord: Adress = 0x580, Data = 0xcccccccc
2017-07-12 20:29:07.577 [INFO] ReadDWord: Adress = 0x580, Data = 0xcccccccc
2017-07-12 20:29:07.577 [INFO] ReadDWord: Adress = 0x580, Data = 0xcccccccc
2017-07-12 20:29:07.577 [INFO] ReadDWord: Adress = 0x580, Data = 0xcccccccc
2017-07-12 20:29:07.577 [INFO] ReadDWord: Adress = 0x580, Data = 0xcccccccc
2017-07-12 20:29:07.577 [INFO] ReadDWord: Adress = 0x580, Data = 0xcccccccc
2017-07-12 20:29:07.577 [INFO] ReadDWord: Adress = 0x580, Data = 0xcccccccc
2017-07-12 20:29:07.577 [INFO] ReadDWord: Adress = 0x580, Data = 0xcccccccc
2017-07-12 20:29:07.577 [INFO] ReadDWord: Adress = 0x580, Data = 0xcccccccc
2017-07-12 20:29:07.577 [INFO] ReadDWord: Adress = 0x580, Data = 0xcccccccc
2017-07-12 20:29:07.577 [INFO] ReadDWord: Adress = 0x580, Data = 0xcccccccc
2017-07-12 20:29:07.577 [INFO] ReadDWord: Adress = 0x580, Data = 0xcccccccc
2017-07-12 20:29:07.577 [INFO] ReadDWord: Adress = 0x580, Data = 0xcccccccc
2017-07-12 20:29:07.577 [INFO] ReadDWord: Adress = 0x580, Data = 0xcccccccc
2017-07-12 20:29:07.577 [INFO] ReadDWord: Adress = 0x580, Data = 0xcccccccc
2017-07-12 20:29:07.578 [INFO] ReadDWord: Adress = 0x580, Data = 0xcccccccc
2017-07-12 20:29:07.578 [INFO] ReadDWord: Adress = 0x580, Data = 0xcccccccc
2017-07-12 20:29:07.578 [INFO] ReadDWord: Adress = 0x580, Data = 0xcccccccc
2017-07-12 20:29:07.578 [INFO] ReadDWord: Adress = 0x580, Data = 0xcccccccc
2017-07-12 20:29:07.578 [INFO] ReadDWord: Adress = 0x580, Data = 0xcccccccc
2017-07-12 20:29:07.578 [INFO] ReadDWord: Adress = 0x580, Data = 0xcccccccc
2017-07-12 20:29:07.578 [INFO] ReadDWord: Adress = 0x580, Data = 0xcccccccc
2017-07-12 20:29:07.578 [INFO] ReadDWord: Adress = 0x580, Data = 0xcccccccc
2017-07-12 20:29:07.578 [INFO] ReadDWord: Adress = 0x580, Data = 0xcccccccc
2017-07-12 20:29:07.578 [INFO] ReadDWord: Adress = 0x580, Data = 0xcccccccc
2017-07-12 20:29:07.578 [INFO] ReadDWord: Adress = 0x580, Data = 0xcccccccc
2017-07-12 20:29:07.578 [INFO] ReadDWord: Adress = 0x580, Data = 0xcccccccc
2017-07-12 20:29:07.578 [INFO] ReadDWord: Adress = 0x580, Data = 0xcccccccc
2017-07-12 20:29:07.578 [INFO] ReadDWord: Adress = 0x580, Data = 0xcccccccc
2017-07-12 20:29:07.578 [INFO] ReadDWord: Adress = 0x580, Data = 0xcccccccc
2017-07-12 20:29:07.578 [INFO] ReadDWord: Adress = 0x580, Data = 0xcccccccc
2017-07-12 20:29:07.579 [INFO] ReadDWord: Adress = 0x580, Data = 0xcccccccc
2017-07-12 20:29:07.579 [INFO] ReadDWord: Adress = 0x580, Data = 0xcccccccc
2017-07-12 20:29:07.579 [INFO] ReadDWord: Adress = 0x580, Data = 0xcccccccc
2017-07-12 20:29:07.579 [INFO] ReadDWord: Adress = 0x580, Data = 0xcccccccc
2017-07-12 20:29:07.579 [INFO] ReadDWord: Adress = 0x580, Data = 0xcccccccc
2017-07-12 20:29:07.579 [INFO] ReadDWord: Adress = 0x580, Data = 0xcccccccc
2017-07-12 20:29:07.579 [INFO] ReadDWord: Adress = 0x580, Data = 0xcccccccc
2017-07-12 20:29:07.579 [INFO] ReadDWord: Adress = 0x580, Data = 0xcccccccc
2017-07-12 20:29:07.579 [INFO] ReadDWord: Adress = 0x580, Data = 0xcccccccc
2017-07-12 20:29:07.579 [INFO] ReadDWord: Adress = 0x580, Data = 0xcccccccc
2017-07-12 20:29:07.579 [INFO] ReadDWord: Adress = 0x580, Data = 0xcccccccc
2017-07-12 20:29:07.579 [INFO] ReadDWord: Adress = 0x580, Data = 0xcccccccc
2017-07-12 20:29:07.579 [INFO] ReadDWord: Adress = 0x580, Data = 0xcccccccc
2017-07-12 20:29:07.579 [INFO] ReadDWord: Adress = 0x580, Data = 0xcccccccc
2017-07-12 20:29:07.580 [INFO] ReadDWord: Adress = 0x580, Data = 0xcccccccc
2017-07-12 20:29:07.580 [INFO] ReadDWord: Adress = 0x580, Data = 0xcccccccc
2017-07-12 20:29:07.580 [INFO] ReadDWord: Adress = 0x580, Data = 0xcccccccc
2017-07-12 20:29:07.580 [INFO] ReadDWord: Adress = 0x580, Data = 0xcccccccc
2017-07-12 20:29:07.580 [INFO] ReadDWord: Adress = 0x580, Data = 0xcccccccc
2017-07-12 20:29:07.580 [INFO] ReadDWord: Adress = 0x580, Data = 0xcccccccc
2017-07-12 20:29:07.580 [INFO] ReadDWord: Adress = 0x580, Data = 0xcccccccc
2017-07-12 20:29:07.580 [INFO] ReadDWord: Adress = 0x580, Data = 0xcccccccc
2017-07-12 20:29:07.580 [INFO] ReadDWord: Adress = 0x580, Data = 0xcccccccc
2017-07-12 20:29:07.580 [INFO] ReadDWord: Adress = 0x580, Data = 0xcccccccc
2017-07-12 20:29:07.580 [INFO] ReadDWord: Adress = 0x580, Data = 0xcccccccc
2017-07-12 20:29:07.581 [INFO] ReadDWord: Adress = 0x580, Data = 0xcccccccc
2017-07-12 20:29:07.581 [INFO] ReadDWord: Adress = 0x580, Data = 0xcccccccc
2017-07-12 20:29:07.581 [INFO] ReadDWord: Adress = 0x580, Data = 0xcccccccc
2017-07-12 20:29:07.581 [INFO] ReadDWord: Adress = 0x580, Data = 0xcccccccc
2017-07-12 20:29:07.581 [INFO] ReadDWord: Adress = 0x580, Data = 0xcccccccc
2017-07-12 20:29:07.581 [INFO] ReadDWord: Adress = 0x580, Data = 0xcccccccc
2017-07-12 20:29:07.581 [INFO] ReadDWord: Adress = 0x580, Data = 0xcccccccc
2017-07-12 20:29:07.581 [INFO] ReadDWord: Adress = 0x580, Data = 0xcccccccc
2017-07-12 20:29:07.581 [INFO] ReadDWord: Adress = 0x580, Data = 0xcccccccc
2017-07-12 20:29:07.581 [INFO] ReadDWord: Adress = 0x580, Data = 0xcccccccc
2017-07-12 20:29:07.581 [INFO] ReadDWord: Adress = 0x580, Data = 0xcccccccc
2017-07-12 20:29:07.581 [INFO] ReadDWord: Adress = 0x580, Data = 0xcccccccc
2017-07-12 20:29:07.581 [INFO] ReadDWord: Adress = 0x580, Data = 0xcccccccc
2017-07-12 20:29:07.581 [INFO] ReadDWord: Adress = 0x580, Data = 0xcccccccc
2017-07-12 20:29:07.581 [INFO] ReadDWord: Adress = 0x580, Data = 0xcccccccc
2017-07-12 20:29:07.581 [INFO] ReadDWord: Adress = 0x580, Data = 0xcccccccc
2017-07-12 20:29:07.581 [INFO] ReadDWord: Adress = 0x580, Data = 0xcccccccc
2017-07-12 20:29:07.582 [INFO] ReadDWord: Adress = 0x580, Data = 0xcccccccc
2017-07-12 20:29:07.582 [INFO] ReadDWord: Adress = 0x580, Data = 0xcccccccc
2017-07-12 20:29:07.582 [INFO] ReadDWord: Adress = 0x580, Data = 0xcccccccc
2017-07-12 20:29:07.582 [INFO] ReadDWord: Adress = 0x580, Data = 0xcccccccc
2017-07-12 20:29:07.582 [INFO] ReadDWord: Adress = 0x580, Data = 0xcccccccc
2017-07-12 20:29:07.582 [INFO] ReadDWord: Adress = 0x580, Data = 0xcccccccc
2017-07-12 20:29:07.582 [INFO] ReadDWord: Adress = 0x580, Data = 0xcccccccc
2017-07-12 20:29:07.582 [INFO] ReadDWord: Adress = 0x580, Data = 0xcccccccc
2017-07-12 20:29:07.582 [INFO] ReadDWord: Adress = 0x580, Data = 0xcccccccc
2017-07-12 20:29:07.582 [INFO] ReadDWord: Adress = 0x580, Data = 0xcccccccc
2017-07-12 20:29:07.582 [INFO] ReadDWord: Adress = 0x580, Data = 0xcccccccc
2017-07-12 20:29:07.582 [INFO] ReadDWord: Adress = 0x580, Data = 0xcccccccc
2017-07-12 20:29:07.582 [INFO] ReadDWord: Adress = 0x580, Data = 0xcccccccc
2017-07-12 20:29:07.582 [INFO] ReadDWord: Adress = 0x580, Data = 0xcccccccc
2017-07-12 20:29:07.582 [INFO] ReadDWord: Adress = 0x580, Data = 0xcccccccc
2017-07-12 20:29:07.582 [INFO] ReadDWord: Adress = 0x580, Data = 0xcccccccc
2017-07-12 20:29:07.583 [INFO] ReadDWord: Adress = 0x580, Data = 0xcccccccc
2017-07-12 20:29:07.583 [INFO] ReadDWord: Adress = 0x580, Data = 0xcccccccc
2017-07-12 20:29:07.583 [INFO] ReadDWord: Adress = 0x580, Data = 0xcccccccc
2017-07-12 20:29:07.583 [INFO] ReadDWord: Adress = 0x580, Data = 0xcccccccc
2017-07-12 20:29:07.583 [INFO] ReadDWord: Adress = 0x580, Data = 0xcccccccc
2017-07-12 20:29:07.583 [INFO] ReadDWord: Adress = 0x580, Data = 0xcccccccc
2017-07-12 20:29:07.583 [INFO] ReadDWord: Adress = 0x580, Data = 0xcccccccc
2017-07-12 20:29:07.583 [INFO] ReadDWord: Adress = 0x580, Data = 0xcccccccc
2017-07-12 20:29:07.583 [INFO] ReadDWord: Adress = 0x580, Data = 0xcccccccc
2017-07-12 20:29:07.583 [INFO] ReadDWord: Adress = 0x580, Data = 0xcccccccc
2017-07-12 20:29:07.583 [INFO] ReadDWord: Adress = 0x580, Data = 0xcccccccc
2017-07-12 20:29:07.583 [INFO] ReadDWord: Adress = 0x580, Data = 0xcccccccc
2017-07-12 20:29:07.583 [INFO] ReadDWord: Adress = 0x580, Data = 0xcccccccc
2017-07-12 20:29:07.583 [INFO] ReadDWord: Adress = 0x580, Data = 0xcccccccc
2017-07-12 20:29:07.583 [INFO] ReadDWord: Adress = 0x580, Data = 0xcccccccc
2017-07-12 20:29:07.583 [INFO] ReadDWord: Adress = 0x580, Data = 0xcccccccc
2017-07-12 20:29:07.583 [INFO] ReadDWord: Adress = 0x580, Data = 0xcccccccc
2017-07-12 20:29:07.583 [INFO] ReadDWord: Adress = 0x580, Data = 0xcccccccc
2017-07-12 20:29:07.584 [INFO] ReadDWord: Adress = 0x580, Data = 0xcccccccc
2017-07-12 20:29:07.584 [INFO] ReadDWord: Adress = 0x580, Data = 0xcccccccc
2017-07-12 20:29:07.584 [INFO] ReadDWord: Adress = 0x580, Data = 0xcccccccc
2017-07-12 20:29:07.584 [INFO] ReadDWord: Adress = 0x580, Data = 0xcccccccc
2017-07-12 20:29:07.584 [INFO] ReadDWord: Adress = 0x580, Data = 0xcccccccc
2017-07-12 20:29:07.584 [INFO] ReadDWord: Adress = 0x580, Data = 0xcccccccc
2017-07-12 20:29:07.584 [INFO] ReadDWord: Adress = 0x580, Data = 0xcccccccc
2017-07-12 20:29:07.584 [INFO] ReadDWord: Adress = 0x580, Data = 0xcccccccc
2017-07-12 20:29:07.584 [INFO] ReadDWord: Adress = 0x580, Data = 0xcccccccc
2017-07-12 20:29:07.584 [INFO] ReadDWord: Adress = 0x580, Data = 0xcccccccc
2017-07-12 20:29:07.584 [INFO] ReadDWord: Adress = 0x580, Data = 0xcccccccc
2017-07-12 20:29:07.584 [INFO] ReadDWord: Adress = 0x580, Data = 0xcccccccc
2017-07-12 20:29:07.584 [INFO] ReadDWord: Adress = 0x580, Data = 0xcccccccc
2017-07-12 20:29:07.584 [INFO] ReadDWord: Adress = 0x580, Data = 0xcccccccc
2017-07-12 20:29:07.584 [INFO] ReadDWord: Adress = 0x580, Data = 0xcccccccc
2017-07-12 20:29:07.584 [INFO] ReadDWord: Adress = 0x580, Data = 0xcccccccc
2017-07-12 20:29:07.584 [INFO] ReadDWord: Adress = 0x580, Data = 0xcccccccc
2017-07-12 20:29:07.584 [INFO] ReadDWord: Adress = 0x580, Data = 0xcccccccc
2017-07-12 20:29:07.585 [INFO] ReadDWord: Adress = 0x580, Data = 0xcccccccc
2017-07-12 20:29:07.585 [INFO] ReadDWord: Adress = 0x580, Data = 0xcccccccc
2017-07-12 20:29:07.585 [INFO] ReadDWord: Adress = 0x580, Data = 0xcccccccc
2017-07-12 20:29:07.585 [INFO] ReadDWord: Adress = 0x580, Data = 0xcccccccc
2017-07-12 20:29:07.585 [INFO] ReadDWord: Adress = 0x580, Data = 0xcccccccc
2017-07-12 20:29:07.585 [INFO] ReadDWord: Adress = 0x580, Data = 0xcccccccc
2017-07-12 20:29:07.585 [INFO] ReadDWord: Adress = 0x580, Data = 0xcccccccc
2017-07-12 20:29:07.585 [INFO] ReadDWord: Adress = 0x580, Data = 0xcccccccc
2017-07-12 20:29:07.585 [INFO] ReadDWord: Adress = 0x580, Data = 0xcccccccc
2017-07-12 20:29:07.585 [INFO] ReadDWord: Adress = 0x580, Data = 0xcccccccc
2017-07-12 20:29:07.586 [INFO] ReadDWord: Adress = 0x580, Data = 0xcccccccc
2017-07-12 20:29:07.586 [INFO] ReadDWord: Adress = 0x580, Data = 0xcccccccc
2017-07-12 20:29:07.586 [INFO] ReadDWord: Adress = 0x580, Data = 0xcccccccc
2017-07-12 20:29:07.586 [INFO] ReadDWord: Adress = 0x580, Data = 0xcccccccc
2017-07-12 20:29:07.586 [INFO] ReadDWord: Adress = 0x580, Data = 0xcccccccc
2017-07-12 20:29:07.586 [INFO] ReadDWord: Adress = 0x580, Data = 0xcccccccc
2017-07-12 20:29:07.586 [INFO] ReadDWord: Adress = 0x580, Data = 0xcccccccc
2017-07-12 20:29:07.586 [INFO] ReadDWord: Adress = 0x580, Data = 0xcccccccc
2017-07-12 20:29:07.586 [INFO] ReadDWord: Adress = 0x580, Data = 0xcccccccc
2017-07-12 20:29:07.586 [INFO] ReadDWord: Adress = 0x580, Data = 0xcccccccc
2017-07-12 20:29:07.586 [INFO] ReadDWord: Adress = 0x580, Data = 0xcccccccc
2017-07-12 20:29:07.586 [INFO] ReadDWord: Adress = 0x580, Data = 0xcccccccc
2017-07-12 20:29:07.586 [INFO] ReadDWord: Adress = 0x580, Data = 0xcccccccc
2017-07-12 20:29:07.586 [INFO] ReadDWord: Adress = 0x580, Data = 0xcccccccc
2017-07-12 20:29:07.586 [INFO] ReadDWord: Adress = 0x580, Data = 0xcccccccc
2017-07-12 20:29:07.586 [INFO] ReadDWord: Adress = 0x580, Data = 0xcccccccc
2017-07-12 20:29:07.586 [INFO] ReadDWord: Adress = 0x580, Data = 0xcccccccc
2017-07-12 20:29:07.586 [INFO] ReadDWord: Adress = 0x580, Data = 0xcccccccc
2017-07-12 20:29:07.586 [INFO] ReadDWord: Adress = 0x580, Data = 0xcccccccc
2017-07-12 20:29:07.586 [INFO] ReadDWord: Adress = 0x580, Data = 0xcccccccc
2017-07-12 20:29:07.587 [INFO] ReadDWord: Adress = 0x580, Data = 0xcccccccc
2017-07-12 20:29:07.587 [INFO] ReadDWord: Adress = 0x580, Data = 0xcccccccc
2017-07-12 20:29:07.587 [INFO] ReadDWord: Adress = 0x580, Data = 0xcccccccc
2017-07-12 20:29:07.587 [INFO] ReadDWord: Adress = 0x580, Data = 0xcccccccc
2017-07-12 20:29:07.587 [INFO] ReadDWord: Adress = 0x580, Data = 0xcccccccc
2017-07-12 20:29:07.587 [INFO] ReadDWord: Adress = 0x580, Data = 0xcccccccc
2017-07-12 20:29:07.587 [INFO] ReadDWord: Adress = 0x580, Data = 0xcccccccc
2017-07-12 20:29:07.587 [INFO] ReadDWord: Adress = 0x580, Data = 0xcccccccc
2017-07-12 20:29:07.587 [INFO] ReadDWord: Adress = 0x580, Data = 0xcccccccc
2017-07-12 20:29:07.587 [INFO] ReadDWord: Adress = 0x580, Data = 0xcccccccc
2017-07-12 20:29:07.587 [INFO] ReadDWord: Adress = 0x580, Data = 0xcccccccc
2017-07-12 20:29:07.587 [INFO] ReadDWord: Adress = 0x580, Data = 0xcccccccc
2017-07-12 20:29:07.587 [INFO] ReadDWord: Adress = 0x580, Data = 0xcccccccc
2017-07-12 20:29:07.587 [INFO] ReadDWord: Adress = 0x580, Data = 0xcccccccc
2017-07-12 20:29:07.587 [INFO] ReadDWord: Adress = 0x580, Data = 0xcccccccc
2017-07-12 20:29:07.587 [INFO] ReadDWord: Adress = 0x580, Data = 0xcccccccc
2017-07-12 20:29:07.587 [INFO] ReadDWord: Adress = 0x580, Data = 0xcccccccc
2017-07-12 20:29:07.588 [INFO] ReadDWord: Adress = 0x580, Data = 0xcccccccc
2017-07-12 20:29:07.588 [INFO] ReadDWord: Adress = 0x580, Data = 0xcccccccc
2017-07-12 20:29:07.588 [INFO] ReadDWord: Adress = 0x580, Data = 0xcccccccc
2017-07-12 20:29:07.588 [INFO] ReadDWord: Adress = 0x580, Data = 0xcccccccc
2017-07-12 20:29:07.588 [INFO] ReadDWord: Adress = 0x580, Data = 0xcccccccc
2017-07-12 20:29:07.588 [INFO] ReadDWord: Adress = 0x580, Data = 0xcccccccc
2017-07-12 20:29:07.588 [INFO] ReadDWord: Adress = 0x580, Data = 0xcccccccc
2017-07-12 20:29:07.588 [INFO] ReadDWord: Adress = 0x580, Data = 0xcccccccc
2017-07-12 20:29:07.588 [INFO] ReadDWord: Adress = 0x580, Data = 0xcccccccc
2017-07-12 20:29:07.588 [INFO] ReadDWord: Adress = 0x580, Data = 0xcccccccc
2017-07-12 20:29:07.588 [INFO] ReadDWord: Adress = 0x580, Data = 0xcccccccc
2017-07-12 20:29:07.588 [INFO] ReadDWord: Adress = 0x580, Data = 0xcccccccc
2017-07-12 20:29:07.588 [INFO] ReadDWord: Adress = 0x580, Data = 0xcccccccc
2017-07-12 20:29:07.588 [INFO] ReadDWord: Adress = 0x580, Data = 0xcccccccc
2017-07-12 20:29:07.588 [INFO] ReadDWord: Adress = 0x580, Data = 0xcccccccc
2017-07-12 20:29:07.588 [INFO] ReadDWord: Adress = 0x580, Data = 0xcccccccc
2017-07-12 20:29:07.588 [INFO] ReadDWord: Adress = 0x580, Data = 0xcccccccc
2017-07-12 20:29:07.589 [INFO] ReadDWord: Adress = 0x580, Data = 0xcccccccc
2017-07-12 20:29:07.589 [INFO] ReadDWord: Adress = 0x580, Data = 0xcccccccc
2017-07-12 20:29:07.589 [INFO] ReadDWord: Adress = 0x580, Data = 0xcccccccc
2017-07-12 20:29:07.589 [INFO] ReadDWord: Adress = 0x580, Data = 0xcccccccc
2017-07-12 20:29:07.589 [INFO] ReadDWord: Adress = 0x580, Data = 0xcccccccc
2017-07-12 20:29:07.589 [INFO] ReadDWord: Adress = 0x580, Data = 0xcccccccc
2017-07-12 20:29:07.589 [INFO] ReadDWord: Adress = 0x580, Data = 0xcccccccc
2017-07-12 20:29:07.589 [INFO] ReadDWord: Adress = 0x580, Data = 0xcccccccc
2017-07-12 20:29:07.589 [INFO] ReadDWord: Adress = 0x580, Data = 0xcccccccc
2017-07-12 20:29:07.589 [INFO] ReadDWord: Adress = 0x580, Data = 0xcccccccc
2017-07-12 20:29:07.589 [INFO] ReadDWord: Adress = 0x580, Data = 0xcccccccc
2017-07-12 20:29:07.589 [INFO] ReadDWord: Adress = 0x580, Data = 0xcccccccc
2017-07-12 20:29:07.589 [INFO] ReadDWord: Adress = 0x580, Data = 0xcccccccc
2017-07-12 20:29:07.589 [INFO] ReadDWord: Adress = 0x580, Data = 0xcccccccc
2017-07-12 20:29:07.589 [INFO] ReadDWord: Adress = 0x580, Data = 0xcccccccc
2017-07-12 20:29:07.589 [INFO] ReadDWord: Adress = 0x580, Data = 0xcccccccc
2017-07-12 20:29:07.589 [INFO] ReadDWord: Adress = 0x580, Data = 0xcccccccc
2017-07-12 20:29:07.590 [INFO] ReadDWord: Adress = 0x580, Data = 0xcccccccc
2017-07-12 20:29:07.590 [INFO] ReadDWord: Adress = 0x580, Data = 0xcccccccc
2017-07-12 20:29:07.590 [INFO] ReadDWord: Adress = 0x580, Data = 0xcccccccc
2017-07-12 20:29:07.590 [INFO] ReadDWord: Adress = 0x580, Data = 0xcccccccc
2017-07-12 20:29:07.590 [INFO] ReadDWord: Adress = 0x580, Data = 0xcccccccc
2017-07-12 20:29:07.590 [INFO] ReadDWord: Adress = 0x580, Data = 0xcccccccc
2017-07-12 20:29:07.590 [INFO] ReadDWord: Adress = 0x580, Data = 0xcccccccc
2017-07-12 20:29:07.590 [INFO] ReadDWord: Adress = 0x580, Data = 0xcccccccc
2017-07-12 20:29:07.590 [INFO] ReadDWord: Adress = 0x580, Data = 0xcccccccc
2017-07-12 20:29:07.590 [INFO] ReadDWord: Adress = 0x580, Data = 0xcccccccc
2017-07-12 20:29:07.590 [INFO] ReadDWord: Adress = 0x580, Data = 0xcccccccc
2017-07-12 20:29:07.590 [INFO] ReadDWord: Adress = 0x580, Data = 0xcccccccc
2017-07-12 20:29:07.590 [INFO] ReadDWord: Adress = 0x580, Data = 0xcccccccc
2017-07-12 20:29:07.590 [INFO] ReadDWord: Adress = 0x580, Data = 0xcccccccc
2017-07-12 20:29:07.590 [INFO] ReadDWord: Adress = 0x580, Data = 0xcccccccc
2017-07-12 20:29:07.590 [INFO] ReadDWord: Adress = 0x580, Data = 0xcccccccc
2017-07-12 20:29:07.590 [INFO] ReadDWord: Adress = 0x580, Data = 0xcccccccc
2017-07-12 20:29:07.590 [INFO] ReadDWord: Adress = 0x580, Data = 0xcccccccc
2017-07-12 20:29:07.591 [INFO] ReadDWord: Adress = 0x580, Data = 0xcccccccc
2017-07-12 20:29:07.591 [INFO] ReadDWord: Adress = 0x580, Data = 0xcccccccc
2017-07-12 20:29:07.591 [INFO] ReadDWord: Adress = 0x580, Data = 0xcccccccc
2017-07-12 20:29:07.591 [INFO] ReadDWord: Adress = 0x580, Data = 0xcccccccc
2017-07-12 20:29:07.591 [INFO] ReadDWord: Adress = 0x580, Data = 0xcccccccc
2017-07-12 20:29:07.591 [INFO] ReadDWord: Adress = 0x580, Data = 0xcccccccc
2017-07-12 20:29:07.591 [INFO] ReadDWord: Adress = 0x580, Data = 0xcccccccc
2017-07-12 20:29:07.591 [INFO] ReadDWord: Adress = 0x580, Data = 0xcccccccc
2017-07-12 20:29:07.591 [INFO] ReadDWord: Adress = 0x580, Data = 0xcccccccc
2017-07-12 20:29:07.591 [INFO] ReadDWord: Adress = 0x580, Data = 0xcccccccc
2017-07-12 20:29:07.591 [INFO] ReadDWord: Adress = 0x580, Data = 0xcccccccc
2017-07-12 20:29:07.591 [INFO] ReadDWord: Adress = 0x580, Data = 0xcccccccc
2017-07-12 20:29:07.591 [INFO] ReadDWord: Adress = 0x580, Data = 0xcccccccc
2017-07-12 20:29:07.591 [INFO] ReadDWord: Adress = 0x580, Data = 0xcccccccc
2017-07-12 20:29:07.591 [INFO] ReadDWord: Adress = 0x580, Data = 0xcccccccc
2017-07-12 20:29:07.591 [INFO] ReadDWord: Adress = 0x580, Data = 0xcccccccc
2017-07-12 20:29:07.591 [INFO] ReadDWord: Adress = 0x580, Data = 0xcccccccc
2017-07-12 20:29:07.591 [INFO] ReadDWord: Adress = 0x580, Data = 0xcccccccc
2017-07-12 20:29:07.592 [INFO] ReadDWord: Adress = 0x580, Data = 0xcccccccc
2017-07-12 20:29:07.592 [INFO] ReadDWord: Adress = 0x580, Data = 0xcccccccc
2017-07-12 20:29:07.592 [INFO] ReadDWord: Adress = 0x580, Data = 0xcccccccc
2017-07-12 20:29:07.592 [INFO] ReadDWord: Adress = 0x580, Data = 0xcccccccc
2017-07-12 20:29:07.592 [INFO] ReadDWord: Adress = 0x580, Data = 0xcccccccc
2017-07-12 20:29:07.592 [INFO] ReadDWord: Adress = 0x580, Data = 0xcccccccc
2017-07-12 20:29:07.592 [INFO] ReadDWord: Adress = 0x580, Data = 0xcccccccc
2017-07-12 20:29:07.592 [INFO] ReadDWord: Adress = 0x580, Data = 0xcccccccc
2017-07-12 20:29:07.592 [INFO] ReadDWord: Adress = 0x580, Data = 0xcccccccc
2017-07-12 20:29:07.592 [INFO] ReadDWord: Adress = 0x580, Data = 0xcccccccc
2017-07-12 20:29:07.592 [INFO] ReadDWord: Adress = 0x580, Data = 0xcccccccc
2017-07-12 20:29:07.592 [INFO] ReadDWord: Adress = 0x580, Data = 0xcccccccc
2017-07-12 20:29:07.592 [INFO] ReadDWord: Adress = 0x580, Data = 0xcccccccc
2017-07-12 20:29:07.592 [INFO] ReadDWord: Adress = 0x580, Data = 0xcccccccc
2017-07-12 20:29:07.592 [INFO] ReadDWord: Adress = 0x580, Data = 0xcccccccc
2017-07-12 20:29:07.592 [INFO] ReadDWord: Adress = 0x580, Data = 0xcccccccc
2017-07-12 20:29:07.592 [INFO] ReadDWord: Adress = 0x580, Data = 0xcccccccc
2017-07-12 20:29:07.592 [INFO] ReadDWord: Adress = 0x580, Data = 0xcccccccc
2017-07-12 20:29:07.593 [INFO] ReadDWord: Adress = 0x580, Data = 0xcccccccc
2017-07-12 20:29:07.593 [INFO] ReadDWord: Adress = 0x580, Data = 0xcccccccc
2017-07-12 20:29:07.593 [INFO] ReadDWord: Adress = 0x580, Data = 0xcccccccc
2017-07-12 20:29:07.593 [INFO] ReadDWord: Adress = 0x580, Data = 0xcccccccc
2017-07-12 20:29:07.593 [INFO] ReadDWord: Adress = 0x580, Data = 0xcccccccc
2017-07-12 20:29:07.593 [INFO] ReadDWord: Adress = 0x580, Data = 0xcccccccc
2017-07-12 20:29:07.593 [INFO] ReadDWord: Adress = 0x580, Data = 0xcccccccc
2017-07-12 20:29:07.593 [INFO] ReadDWord: Adress = 0x580, Data = 0xcccccccc
2017-07-12 20:29:07.593 [INFO] ReadDWord: Adress = 0x580, Data = 0xcccccccc
2017-07-12 20:29:07.593 [INFO] ReadDWord: Adress = 0x580, Data = 0xcccccccc
2017-07-12 20:29:07.593 [INFO] ReadDWord: Adress = 0x580, Data = 0xcccccccc
2017-07-12 20:29:07.593 [INFO] ReadDWord: Adress = 0x580, Data = 0xcccccccc
2017-07-12 20:29:07.593 [INFO] ReadDWord: Adress = 0x580, Data = 0xcccccccc
2017-07-12 20:29:07.593 [INFO] ReadDWord: Adress = 0x580, Data = 0xcccccccc
2017-07-12 20:29:07.593 [INFO] ReadDWord: Adress = 0x580, Data = 0xcccccccc
2017-07-12 20:29:07.593 [INFO] ReadDWord: Adress = 0x580, Data = 0xcccccccc
2017-07-12 20:29:07.593 [INFO] ReadDWord: Adress = 0x580, Data = 0xcccccccc
2017-07-12 20:29:07.593 [INFO] ReadDWord: Adress = 0x580, Data = 0xcccccccc
2017-07-12 20:29:07.594 [INFO] ReadDWord: Adress = 0x580, Data = 0xcccccccc
2017-07-12 20:29:07.594 [INFO] ReadDWord: Adress = 0x580, Data = 0xcccccccc
2017-07-12 20:29:07.594 [INFO] ReadDWord: Adress = 0x580, Data = 0xcccccccc
2017-07-12 20:29:07.594 [INFO] ReadDWord: Adress = 0x580, Data = 0xcccccccc
2017-07-12 20:29:07.594 [INFO] ReadDWord: Adress = 0x580, Data = 0xcccccccc
2017-07-12 20:29:07.594 [INFO] ReadDWord: Adress = 0x580, Data = 0xcccccccc
2017-07-12 20:29:07.594 [INFO] ReadDWord: Adress = 0x580, Data = 0xcccccccc
2017-07-12 20:29:07.594 [INFO] ReadDWord: Adress = 0x580, Data = 0xcccccccc
2017-07-12 20:29:07.594 [INFO] ReadDWord: Adress = 0x580, Data = 0xcccccccc
2017-07-12 20:29:07.594 [INFO] ReadDWord: Adress = 0x580, Data = 0xcccccccc
2017-07-12 20:29:07.594 [INFO] ReadDWord: Adress = 0x580, Data = 0xcccccccc
2017-07-12 20:29:07.594 [INFO] ReadDWord: Adress = 0x580, Data = 0xcccccccc
2017-07-12 20:29:07.594 [INFO] ReadDWord: Adress = 0x580, Data = 0xcccccccc
2017-07-12 20:29:07.594 [INFO] ReadDWord: Adress = 0x580, Data = 0xcccccccc
2017-07-12 20:29:07.594 [INFO] ReadDWord: Adress = 0x580, Data = 0xcccccccc
2017-07-12 20:29:07.594 [INFO] ReadDWord: Adress = 0x580, Data = 0xcccccccc
2017-07-12 20:29:07.594 [INFO] ReadDWord: Adress = 0x580, Data = 0xcccccccc
2017-07-12 20:29:07.594 [INFO] ReadDWord: Adress = 0x580, Data = 0xcccccccc
2017-07-12 20:29:07.594 [INFO] ReadDWord: Adress = 0x580, Data = 0xcccccccc
2017-07-12 20:29:07.595 [INFO] ReadDWord: Adress = 0x580, Data = 0xcccccccc
2017-07-12 20:29:07.595 [INFO] ReadDWord: Adress = 0x580, Data = 0xcccccccc
2017-07-12 20:29:07.595 [INFO] ReadDWord: Adress = 0x580, Data = 0xcccccccc
2017-07-12 20:29:07.595 [INFO] ReadDWord: Adress = 0x580, Data = 0xcccccccc
2017-07-12 20:29:07.595 [INFO] ReadDWord: Adress = 0x580, Data = 0xcccccccc
2017-07-12 20:29:07.595 [INFO] ReadDWord: Adress = 0x580, Data = 0xcccccccc
2017-07-12 20:29:07.595 [INFO] ReadDWord: Adress = 0x580, Data = 0xcccccccc
2017-07-12 20:29:07.595 [INFO] ReadDWord: Adress = 0x580, Data = 0xcccccccc
2017-07-12 20:29:07.595 [INFO] ReadDWord: Adress = 0x580, Data = 0xcccccccc
2017-07-12 20:29:07.595 [INFO] ReadDWord: Adress = 0x580, Data = 0xcccccccc
2017-07-12 20:29:07.595 [INFO] ReadDWord: Adress = 0x580, Data = 0xcccccccc
2017-07-12 20:29:07.595 [INFO] ReadDWord: Adress = 0x580, Data = 0xcccccccc
2017-07-12 20:29:07.595 [INFO] ReadDWord: Adress = 0x580, Data = 0xcccccccc
2017-07-12 20:29:07.595 [INFO] ReadDWord: Adress = 0x580, Data = 0xcccccccc
2017-07-12 20:29:07.595 [INFO] ReadDWord: Adress = 0x580, Data = 0xcccccccc
2017-07-12 20:29:07.595 [INFO] ReadDWord: Adress = 0x580, Data = 0xcccccccc
2017-07-12 20:29:07.596 [INFO] ReadDWord: Adress = 0x580, Data = 0xcccccccc
2017-07-12 20:29:07.596 [INFO] ReadDWord: Adress = 0x580, Data = 0xcccccccc
2017-07-12 20:29:07.596 [INFO] ReadDWord: Adress = 0x580, Data = 0xcccccccc
2017-07-12 20:29:07.596 [INFO] ReadDWord: Adress = 0x580, Data = 0xcccccccc
2017-07-12 20:29:07.596 [INFO] ReadDWord: Adress = 0x580, Data = 0xcccccccc
2017-07-12 20:29:07.596 [INFO] ReadDWord: Adress = 0x580, Data = 0xcccccccc
2017-07-12 20:29:07.596 [INFO] ReadDWord: Adress = 0x580, Data = 0xcccccccc
2017-07-12 20:29:07.596 [INFO] ReadDWord: Adress = 0x580, Data = 0xcccccccc
2017-07-12 20:29:07.596 [INFO] ReadDWord: Adress = 0x580, Data = 0xcccccccc
2017-07-12 20:29:07.596 [INFO] ReadDWord: Adress = 0x580, Data = 0xcccccccc
2017-07-12 20:29:07.596 [INFO] ReadDWord: Adress = 0x580, Data = 0xcccccccc
2017-07-12 20:29:07.596 [INFO] ReadDWord: Adress = 0x580, Data = 0xcccccccc
2017-07-12 20:29:07.596 [INFO] ReadDWord: Adress = 0x580, Data = 0xcccccccc
2017-07-12 20:29:07.596 [INFO] ReadDWord: Adress = 0x580, Data = 0xcccccccc
2017-07-12 20:29:07.596 [INFO] ReadDWord: Adress = 0x580, Data = 0xcccccccc
2017-07-12 20:29:07.596 [INFO] ReadDWord: Adress = 0x580, Data = 0xcccccccc
2017-07-12 20:29:07.596 [INFO] ReadDWord: Adress = 0x580, Data = 0xcccccccc
2017-07-12 20:29:07.596 [INFO] ReadDWord: Adress = 0x580, Data = 0xcccccccc
2017-07-12 20:29:07.597 [INFO] ReadDWord: Adress = 0x580, Data = 0xcccccccc
2017-07-12 20:29:07.597 [INFO] ReadDWord: Adress = 0x580, Data = 0xcccccccc
2017-07-12 20:29:07.597 [INFO] ReadDWord: Adress = 0x580, Data = 0xcccccccc
2017-07-12 20:29:07.597 [INFO] ReadDWord: Adress = 0x580, Data = 0xcccccccc
2017-07-12 20:29:07.597 [INFO] ReadDWord: Adress = 0x580, Data = 0xcccccccc
2017-07-12 20:29:07.597 [INFO] ReadDWord: Adress = 0x580, Data = 0xcccccccc
2017-07-12 20:29:07.597 [INFO] ReadDWord: Adress = 0x580, Data = 0xcccccccc
2017-07-12 20:29:07.597 [INFO] ReadDWord: Adress = 0x580, Data = 0xcccccccc
2017-07-12 20:29:07.597 [INFO] ReadDWord: Adress = 0x580, Data = 0xcccccccc
2017-07-12 20:29:07.597 [INFO] ReadDWord: Adress = 0x580, Data = 0xcccccccc
2017-07-12 20:29:07.597 [INFO] ReadDWord: Adress = 0x580, Data = 0xcccccccc
2017-07-12 20:29:07.597 [INFO] ReadDWord: Adress = 0x580, Data = 0xcccccccc
2017-07-12 20:29:07.597 [INFO] ReadDWord: Adress = 0x580, Data = 0xcccccccc
2017-07-12 20:29:07.597 [INFO] ReadDWord: Adress = 0x580, Data = 0xcccccccc
2017-07-12 20:29:07.597 [INFO] ReadDWord: Adress = 0x580, Data = 0xcccccccc
2017-07-12 20:29:07.597 [INFO] ReadDWord: Adress = 0x580, Data = 0xcccccccc
2017-07-12 20:29:07.597 [INFO] ReadDWord: Adress = 0x580, Data = 0xcccccccc
2017-07-12 20:29:07.598 [INFO] ReadDWord: Adress = 0x580, Data = 0xcccccccc
2017-07-12 20:29:07.598 [INFO] ReadDWord: Adress = 0x580, Data = 0xcccccccc
2017-07-12 20:29:07.598 [INFO] ReadDWord: Adress = 0x580, Data = 0xcccccccc
2017-07-12 20:29:07.598 [INFO] ReadDWord: Adress = 0x580, Data = 0xcccccccc
2017-07-12 20:29:07.598 [INFO] ReadDWord: Adress = 0x580, Data = 0xcccccccc
2017-07-12 20:29:07.598 [INFO] ReadDWord: Adress = 0x580, Data = 0xcccccccc
2017-07-12 20:29:07.598 [INFO] ReadDWord: Adress = 0x580, Data = 0xcccccccc
2017-07-12 20:29:07.598 [INFO] ReadDWord: Adress = 0x580, Data = 0xcccccccc
2017-07-12 20:29:07.598 [INFO] ReadDWord: Adress = 0x580, Data = 0xcccccccc
2017-07-12 20:29:07.598 [INFO] ReadDWord: Adress = 0x580, Data = 0xcccccccc
2017-07-12 20:29:07.598 [INFO] ReadDWord: Adress = 0x580, Data = 0xcccccccc
2017-07-12 20:29:07.598 [INFO] ReadDWord: Adress = 0x580, Data = 0xcccccccc
2017-07-12 20:29:07.598 [INFO] ReadDWord: Adress = 0x580, Data = 0xcccccccc
2017-07-12 20:29:07.598 [INFO] ReadDWord: Adress = 0x580, Data = 0xcccccccc
2017-07-12 20:29:07.598 [INFO] ReadDWord: Adress = 0x580, Data = 0xcccccccc
2017-07-12 20:29:07.598 [INFO] ReadDWord: Adress = 0x580, Data = 0xcccccccc
2017-07-12 20:29:07.598 [INFO] ReadDWord: Adress = 0x580, Data = 0xcccccccc
2017-07-12 20:29:07.598 [INFO] ReadDWord: Adress = 0x580, Data = 0xcccccccc
2017-07-12 20:29:07.599 [INFO] ReadDWord: Adress = 0x580, Data = 0xcccccccc
2017-07-12 20:29:07.599 [INFO] ReadDWord: Adress = 0x580, Data = 0xcccccccc
2017-07-12 20:29:07.599 [INFO] ReadDWord: Adress = 0x580, Data = 0xcccccccc
2017-07-12 20:29:07.599 [INFO] ReadDWord: Adress = 0x580, Data = 0xcccccccc
2017-07-12 20:29:07.599 [INFO] ReadDWord: Adress = 0x580, Data = 0xcccccccc
2017-07-12 20:29:07.599 [INFO] ReadDWord: Adress = 0x580, Data = 0xcccccccc
2017-07-12 20:29:07.599 [INFO] ReadDWord: Adress = 0x580, Data = 0xcccccccc
2017-07-12 20:29:07.599 [INFO] ReadDWord: Adress = 0x580, Data = 0xcccccccc
2017-07-12 20:29:07.599 [INFO] ReadDWord: Adress = 0x580, Data = 0xcccccccc
2017-07-12 20:29:07.599 [INFO] ReadDWord: Adress = 0x580, Data = 0xcccccccc
2017-07-12 20:29:07.599 [INFO] ReadDWord: Adress = 0x580, Data = 0xcccccccc
2017-07-12 20:29:07.599 [INFO] ReadDWord: Adress = 0x580, Data = 0xcccccccc
2017-07-12 20:29:07.599 [INFO] ReadDWord: Adress = 0x580, Data = 0xcccccccc
2017-07-12 20:29:07.599 [INFO] ReadDWord: Adress = 0x580, Data = 0xcccccccc
2017-07-12 20:29:07.599 [INFO] ReadDWord: Adress = 0x580, Data = 0xcccccccc
2017-07-12 20:29:07.599 [INFO] ReadDWord: Adress = 0x580, Data = 0xcccccccc
2017-07-12 20:29:07.599 [INFO] ReadDWord: Adress = 0x580, Data = 0xcccccccc
2017-07-12 20:29:07.599 [INFO] ReadDWord: Adress = 0x580, Data = 0xcccccccc
2017-07-12 20:29:07.599 [INFO] ReadDWord: Adress = 0x580, Data = 0xcccccccc
2017-07-12 20:29:07.599 [INFO] ReadDWord: Adress = 0x580, Data = 0xcccccccc
2017-07-12 20:29:07.599 [INFO] ReadDWord: Adress = 0x580, Data = 0xcccccccc
2017-07-12 20:29:07.599 [INFO] ReadDWord: Adress = 0x580, Data = 0xcccccccc
2017-07-12 20:29:07.599 [INFO] ReadDWord: Adress = 0x580, Data = 0xcccccccc
2017-07-12 20:29:07.599 [INFO] ReadDWord: Adress = 0x580, Data = 0xcccccccc
2017-07-12 20:29:07.599 [INFO] ReadDWord: Adress = 0x580, Data = 0xcccccccc
2017-07-12 20:29:07.600 [INFO] ReadDWord: Adress = 0x580, Data = 0xcccccccc
2017-07-12 20:29:07.600 [INFO] ReadDWord: Adress = 0x580, Data = 0xcccccccc
2017-07-12 20:29:07.600 [INFO] ReadDWord: Adress = 0x580, Data = 0xcccccccc
2017-07-12 20:29:07.600 [INFO] ReadDWord: Adress = 0x580, Data = 0xcccccccc
2017-07-12 20:29:07.600 [INFO] ReadDWord: Adress = 0x580, Data = 0xcccccccc
2017-07-12 20:29:07.600 [INFO] ReadDWord: Adress = 0x580, Data = 0xcccccccc
2017-07-12 20:29:07.600 [INFO] ReadDWord: Adress = 0x580, Data = 0xcccccccc
2017-07-12 20:29:07.600 [INFO] ReadDWord: Adress = 0x580, Data = 0xcccccccc
2017-07-12 20:29:07.600 [INFO] ReadDWord: Adress = 0x580, Data = 0xcccccccc
2017-07-12 20:29:07.600 [INFO] ReadDWord: Adress = 0x580, Data = 0xcccccccc
2017-07-12 20:29:07.600 [INFO] ReadDWord: Adress = 0x580, Data = 0xcccccccc
2017-07-12 20:29:07.600 [INFO] ReadDWord: Adress = 0x580, Data = 0xcccccccc
2017-07-12 20:29:07.600 [INFO] ReadDWord: Adress = 0x580, Data = 0xcccccccc
2017-07-12 20:29:07.600 [INFO] ReadDWord: Adress = 0x580, Data = 0xcccccccc
2017-07-12 20:29:07.600 [INFO] ReadDWord: Adress = 0x580, Data = 0xcccccccc
2017-07-12 20:29:07.600 [INFO] ReadDWord: Adress = 0x580, Data = 0xcccccccc
2017-07-12 20:29:07.600 [INFO] ReadDWord: Adress = 0x580, Data = 0xcccccccc
2017-07-12 20:29:07.600 [INFO] ReadDWord: Adress = 0x580, Data = 0xcccccccc
2017-07-12 20:29:07.600 [INFO] ReadDWord: Adress = 0x580, Data = 0xcccccccc
2017-07-12 20:29:07.600 [INFO] ReadDWord: Adress = 0x580, Data = 0xcccccccc
2017-07-12 20:29:07.600 [INFO] ReadDWord: Adress = 0x580, Data = 0xcccccccc
2017-07-12 20:29:07.600 [INFO] ReadDWord: Adress = 0x580, Data = 0xcccccccc
2017-07-12 20:29:07.600 [INFO] ReadDWord: Adress = 0x580, Data = 0xcccccccc
2017-07-12 20:29:07.600 [INFO] ReadDWord: Adress = 0x580, Data = 0xcccccccc
2017-07-12 20:29:07.600 [INFO] ReadDWord: Adress = 0x580, Data = 0xcccccccc
2017-07-12 20:29:07.600 [INFO] ReadDWord: Adress = 0x580, Data = 0xcccccccc
2017-07-12 20:29:07.600 [INFO] ReadDWord: Adress = 0x580, Data = 0xcccccccc
2017-07-12 20:29:07.600 [INFO] ReadDWord: Adress = 0x580, Data = 0xcccccccc
2017-07-12 20:29:07.600 [INFO] ReadDWord: Adress = 0x580, Data = 0xcccccccc
2017-07-12 20:29:07.601 [INFO] ReadDWord: Adress = 0x580, Data = 0xcccccccc
2017-07-12 20:29:07.601 [INFO] ReadDWord: Adress = 0x580, Data = 0xcccccccc
2017-07-12 20:29:07.601 [INFO] ReadDWord: Adress = 0x580, Data = 0xcccccccc
2017-07-12 20:29:07.601 [INFO] ReadDWord: Adress = 0x580, Data = 0xcccccccc
2017-07-12 20:29:07.601 [INFO] ReadDWord: Adress = 0x580, Data = 0xcccccccc
2017-07-12 20:29:07.601 [INFO] ReadDWord: Adress = 0x580, Data = 0xcccccccc
2017-07-12 20:29:07.601 [INFO] ReadDWord: Adress = 0x580, Data = 0xcccccccc
2017-07-12 20:29:07.601 [INFO] ReadDWord: Adress = 0x580, Data = 0xcccccccc
2017-07-12 20:29:07.601 [INFO] ReadDWord: Adress = 0x580, Data = 0xcccccccc
2017-07-12 20:29:07.601 [INFO] ReadDWord: Adress = 0x580, Data = 0xcccccccc
2017-07-12 20:29:07.601 [INFO] ReadDWord: Adress = 0x580, Data = 0xcccccccc
2017-07-12 20:29:07.601 [INFO] ReadDWord: Adress = 0x580, Data = 0xcccccccc
2017-07-12 20:29:07.601 [INFO] ReadDWord: Adress = 0x580, Data = 0xcccccccc
2017-07-12 20:29:07.601 [INFO] ReadDWord: Adress = 0x580, Data = 0xcccccccc
2017-07-12 20:29:07.601 [INFO] ReadDWord: Adress = 0x580, Data = 0xcccccccc
2017-07-12 20:29:07.601 [INFO] ReadDWord: Adress = 0x580, Data = 0xcccccccc
2017-07-12 20:29:07.601 [INFO] ReadDWord: Adress = 0x580, Data = 0xcccccccc
2017-07-12 20:29:07.601 [INFO] ReadDWord: Adress = 0x580, Data = 0xcccccccc
2017-07-12 20:29:07.601 [INFO] ReadDWord: Adress = 0x580, Data = 0xcccccccc
2017-07-12 20:29:07.601 [INFO] ReadDWord: Adress = 0x580, Data = 0xcccccccc
2017-07-12 20:29:07.601 [INFO] ReadDWord: Adress = 0x580, Data = 0xcccccccc
2017-07-12 20:29:07.601 [INFO] ReadDWord: Adress = 0x580, Data = 0xcccccccc
2017-07-12 20:29:07.602 [INFO] ReadDWord: Adress = 0x580, Data = 0xcccccccc
2017-07-12 20:29:07.602 [INFO] ReadDWord: Adress = 0x580, Data = 0xcccccccc
2017-07-12 20:29:07.602 [INFO] ReadDWord: Adress = 0x580, Data = 0xcccccccc
2017-07-12 20:29:07.602 [INFO] ReadDWord: Adress = 0x580, Data = 0xcccccccc
2017-07-12 20:29:07.602 [INFO] ReadDWord: Adress = 0x580, Data = 0xcccccccc
2017-07-12 20:29:07.602 [INFO] ReadDWord: Adress = 0x580, Data = 0xcccccccc
2017-07-12 20:29:07.602 [INFO] ReadDWord: Adress = 0x580, Data = 0xcccccccc
2017-07-12 20:29:07.602 [INFO] ReadDWord: Adress = 0x580, Data = 0xcccccccc
2017-07-12 20:29:07.602 [INFO] ReadDWord: Adress = 0x580, Data = 0xcccccccc
2017-07-12 20:29:07.602 [INFO] ReadDWord: Adress = 0x580, Data = 0xcccccccc
2017-07-12 20:29:07.602 [INFO] ReadDWord: Adress = 0x580, Data = 0xcccccccc
2017-07-12 20:29:07.602 [INFO] ReadDWord: Adress = 0x580, Data = 0xcccccccc
2017-07-12 20:29:07.602 [INFO] ReadDWord: Adress = 0x580, Data = 0xcccccccc
2017-07-12 20:29:07.602 [INFO] ReadDWord: Adress = 0x580, Data = 0xcccccccc
2017-07-12 20:29:07.602 [INFO] ReadDWord: Adress = 0x580, Data = 0xcccccccc
2017-07-12 20:29:07.602 [INFO] ReadDWord: Adress = 0x580, Data = 0xcccccccc
2017-07-12 20:29:07.602 [INFO] ReadDWord: Adress = 0x580, Data = 0xcccccccc
2017-07-12 20:29:07.602 [INFO] ReadDWord: Adress = 0x580, Data = 0xcccccccc
2017-07-12 20:29:07.602 [INFO] ReadDWord: Adress = 0x580, Data = 0xcccccccc
2017-07-12 20:29:07.602 [INFO] ReadDWord: Adress = 0x580, Data = 0xcccccccc
2017-07-12 20:29:07.602 [INFO] ReadDWord: Adress = 0x580, Data = 0xcccccccc
2017-07-12 20:29:07.602 [INFO] ReadDWord: Adress = 0x580, Data = 0xcccccccc
2017-07-12 20:29:07.602 [INFO] ReadDWord: Adress = 0x580, Data = 0xcccccccc
2017-07-12 20:29:07.602 [INFO] ReadDWord: Adress = 0x580, Data = 0xcccccccc
2017-07-12 20:29:07.602 [INFO] ReadDWord: Adress = 0x580, Data = 0xcccccccc
2017-07-12 20:29:07.602 [INFO] ReadDWord: Adress = 0x580, Data = 0xcccccccc
2017-07-12 20:29:07.602 [INFO] ReadDWord: Adress = 0x580, Data = 0xcccccccc
2017-07-12 20:29:07.602 [INFO] ReadDWord: Adress = 0x580, Data = 0xcccccccc
2017-07-12 20:29:07.602 [INFO] ReadDWord: Adress = 0x580, Data = 0xcccccccc
2017-07-12 20:29:07.603 [INFO] ReadDWord: Adress = 0x580, Data = 0xcccccccc
2017-07-12 20:29:07.603 [INFO] ReadDWord: Adress = 0x580, Data = 0xcccccccc
2017-07-12 20:29:07.603 [INFO] ReadDWord: Adress = 0x580, Data = 0xcccccccc
2017-07-12 20:29:07.603 [INFO] ReadDWord: Adress = 0x580, Data = 0xcccccccc
2017-07-12 20:29:07.603 [INFO] ReadDWord: Adress = 0x580, Data = 0xcccccccc
2017-07-12 20:29:07.603 [INFO] ReadDWord: Adress = 0x580, Data = 0xcccccccc
2017-07-12 20:29:07.603 [INFO] ReadDWord: Adress = 0x580, Data = 0xcccccccc
2017-07-12 20:29:07.603 [INFO] ReadDWord: Adress = 0x580, Data = 0xcccccccc
2017-07-12 20:29:07.603 [INFO] ReadDWord: Adress = 0x580, Data = 0xcccccccc
2017-07-12 20:29:07.603 [INFO] ReadDWord: Adress = 0x580, Data = 0xcccccccc
2017-07-12 20:29:07.603 [INFO] ReadDWord: Adress = 0x580, Data = 0xcccccccc
2017-07-12 20:29:07.603 [INFO] ReadDWord: Adress = 0x580, Data = 0xcccccccc
2017-07-12 20:29:07.603 [INFO] ReadDWord: Adress = 0x580, Data = 0xcccccccc
2017-07-12 20:29:07.603 [INFO] ReadDWord: Adress = 0x580, Data = 0xcccccccc
2017-07-12 20:29:07.603 [INFO] ReadDWord: Adress = 0x580, Data = 0xcccccccc
2017-07-12 20:29:07.603 [INFO] ReadDWord: Adress = 0x580, Data = 0xcccccccc
2017-07-12 20:29:07.603 [INFO] ReadDWord: Adress = 0x580, Data = 0xcccccccc
2017-07-12 20:29:07.603 [INFO] ReadDWord: Adress = 0x580, Data = 0xcccccccc
2017-07-12 20:29:07.603 [INFO] ReadDWord: Adress = 0x580, Data = 0xcccccccc
2017-07-12 20:29:07.603 [INFO] ReadDWord: Adress = 0x580, Data = 0xcccccccc
2017-07-12 20:29:07.603 [INFO] ReadDWord: Adress = 0x580, Data = 0xcccccccc
2017-07-12 20:29:07.603 [INFO] ReadDWord: Adress = 0x580, Data = 0xcccccccc
2017-07-12 20:29:07.603 [INFO] ReadDWord: Adress = 0x580, Data = 0xcccccccc
2017-07-12 20:29:07.603 [INFO] ReadDWord: Adress = 0x580, Data = 0xcccccccc
2017-07-12 20:29:07.603 [INFO] ReadDWord: Adress = 0x580, Data = 0xcccccccc
2017-07-12 20:29:07.603 [INFO] ReadDWord: Adress = 0x580, Data = 0xcccccccc
2017-07-12 20:29:07.603 [INFO] ReadDWord: Adress = 0x580, Data = 0xcccccccc
2017-07-12 20:29:07.603 [INFO] ReadDWord: Adress = 0x580, Data = 0xcccccccc
2017-07-12 20:29:07.603 [INFO] ReadDWord: Adress = 0x580, Data = 0xcccccccc
2017-07-12 20:29:07.603 [INFO] ReadDWord: Adress = 0x580, Data = 0xcccccccc
2017-07-12 20:29:07.603 [INFO] ReadDWord: Adress = 0x580, Data = 0xcccccccc
2017-07-12 20:29:07.604 [INFO] ReadDWord: Adress = 0x580, Data = 0xcccccccc
2017-07-12 20:29:07.604 [INFO] ReadDWord: Adress = 0x580, Data = 0xcccccccc
2017-07-12 20:29:07.604 [INFO] ReadDWord: Adress = 0x580, Data = 0xcccccccc
2017-07-12 20:29:07.604 [INFO] ReadDWord: Adress = 0x580, Data = 0xcccccccc
2017-07-12 20:29:07.604 [INFO] ReadDWord: Adress = 0x580, Data = 0xcccccccc
2017-07-12 20:29:07.604 [INFO] ReadDWord: Adress = 0x580, Data = 0xcccccccc
2017-07-12 20:29:07.604 [INFO] ReadDWord: Adress = 0x580, Data = 0xcccccccc
2017-07-12 20:29:07.604 [INFO] ReadDWord: Adress = 0x580, Data = 0xcccccccc
2017-07-12 20:29:07.604 [INFO] ReadDWord: Adress = 0x580, Data = 0xcccccccc
2017-07-12 20:29:07.604 [INFO] ReadDWord: Adress = 0x580, Data = 0xcccccccc
2017-07-12 20:29:07.604 [INFO] ReadDWord: Adress = 0x580, Data = 0xcccccccc
2017-07-12 20:29:07.604 [INFO] ReadDWord: Adress = 0x580, Data = 0xcccccccc
2017-07-12 20:29:07.604 [INFO] ReadDWord: Adress = 0x580, Data = 0xcccccccc
2017-07-12 20:29:07.604 [INFO] ReadDWord: Adress = 0x580, Data = 0xcccccccc
2017-07-12 20:29:07.604 [INFO] ReadDWord: Adress = 0x580, Data = 0xcccccccc
2017-07-12 20:29:07.604 [INFO] ReadDWord: Adress = 0x580, Data = 0xcccccccc
2017-07-12 20:29:07.604 [INFO] ReadDWord: Adress = 0x580, Data = 0xcccccccc
2017-07-12 20:29:07.604 [INFO] ReadDWord: Adress = 0x580, Data = 0xcccccccc
2017-07-12 20:29:07.604 [INFO] ReadDWord: Adress = 0x580, Data = 0xcccccccc
2017-07-12 20:29:07.604 [INFO] ReadDWord: Adress = 0x580, Data = 0xcccccccc
2017-07-12 20:29:07.604 [INFO] ReadDWord: Adress = 0x580, Data = 0xcccccccc
2017-07-12 20:29:07.604 [INFO] ReadDWord: Adress = 0x580, Data = 0xcccccccc
2017-07-12 20:29:07.604 [INFO] ReadDWord: Adress = 0x580, Data = 0xcccccccc
2017-07-12 20:29:07.604 [INFO] ReadDWord: Adress = 0x580, Data = 0xcccccccc
2017-07-12 20:29:07.604 [INFO] ReadDWord: Adress = 0x580, Data = 0xcccccccc
2017-07-12 20:29:07.604 [INFO] ReadDWord: Adress = 0x580, Data = 0xcccccccc
2017-07-12 20:29:07.604 [INFO] ReadDWord: Adress = 0x580, Data = 0xcccccccc
2017-07-12 20:29:07.604 [INFO] ReadDWord: Adress = 0x580, Data = 0xcccccccc
2017-07-12 20:29:07.604 [INFO] ReadDWord: Adress = 0x580, Data = 0xcccccccc
2017-07-12 20:29:07.605 [INFO] ReadDWord: Adress = 0x580, Data = 0xcccccccc
2017-07-12 20:29:07.605 [INFO] ReadDWord: Adress = 0x580, Data = 0xcccccccc
2017-07-12 20:29:07.605 [INFO] ReadDWord: Adress = 0x580, Data = 0xcccccccc
2017-07-12 20:29:07.605 [INFO] ReadDWord: Adress = 0x580, Data = 0xcccccccc
2017-07-12 20:29:07.605 [INFO] ReadDWord: Adress = 0x580, Data = 0xcccccccc
2017-07-12 20:29:07.605 [INFO] ReadDWord: Adress = 0x580, Data = 0xcccccccc
2017-07-12 20:29:07.605 [INFO] ReadDWord: Adress = 0x580, Data = 0xcccccccc
2017-07-12 20:29:07.605 [INFO] ReadDWord: Adress = 0x580, Data = 0xcccccccc
2017-07-12 20:29:07.605 [INFO] ReadDWord: Adress = 0x580, Data = 0xcccccccc
2017-07-12 20:29:07.605 [INFO] ReadDWord: Adress = 0x580, Data = 0xcccccccc
2017-07-12 20:29:07.605 [INFO] ReadDWord: Adress = 0x580, Data = 0xcccccccc
2017-07-12 20:29:07.605 [INFO] ReadDWord: Adress = 0x580, Data = 0xcccccccc
2017-07-12 20:29:07.605 [INFO] ReadDWord: Adress = 0x580, Data = 0xcccccccc
2017-07-12 20:29:07.605 [INFO] ReadDWord: Adress = 0x580, Data = 0xcccccccc
2017-07-12 20:29:07.605 [INFO] ReadDWord: Adress = 0x580, Data = 0xcccccccc
2017-07-12 20:29:07.605 [INFO] ReadDWord: Adress = 0x580, Data = 0xcccccccc
2017-07-12 20:29:07.605 [INFO] ReadDWord: Adress = 0x580, Data = 0xcccccccc
2017-07-12 20:29:07.605 [INFO] ReadDWord: Adress = 0x580, Data = 0xcccccccc
2017-07-12 20:29:07.605 [INFO] ReadDWord: Adress = 0x580, Data = 0xcccccccc
2017-07-12 20:29:07.605 [INFO] ReadDWord: Adress = 0x580, Data = 0xcccccccc
2017-07-12 20:29:07.605 [INFO] ReadDWord: Adress = 0x580, Data = 0xcccccccc
2017-07-12 20:29:07.605 [INFO] ReadDWord: Adress = 0x580, Data = 0xcccccccc
2017-07-12 20:29:07.605 [INFO] ReadDWord: Adress = 0x580, Data = 0xcccccccc
2017-07-12 20:29:07.605 [INFO] ReadDWord: Adress = 0x580, Data = 0xcccccccc
2017-07-12 20:29:07.605 [INFO] ReadDWord: Adress = 0x580, Data = 0xcccccccc
2017-07-12 20:29:07.605 [INFO] ReadDWord: Adress = 0x580, Data = 0xcccccccc
2017-07-12 20:29:07.605 [INFO] ReadDWord: Adress = 0x580, Data = 0xcccccccc
2017-07-12 20:29:07.605 [INFO] ReadDWord: Adress = 0x580, Data = 0xcccccccc
2017-07-12 20:29:07.605 [INFO] ReadDWord: Adress = 0x580, Data = 0xcccccccc
2017-07-12 20:29:07.606 [INFO] ReadDWord: Adress = 0x580, Data = 0xcccccccc
2017-07-12 20:29:07.606 [INFO] ReadDWord: Adress = 0x580, Data = 0xcccccccc
2017-07-12 20:29:07.606 [INFO] ReadDWord: Adress = 0x580, Data = 0xcccccccc
2017-07-12 20:29:07.606 [INFO] ReadDWord: Adress = 0x580, Data = 0xcccccccc
2017-07-12 20:29:07.606 [INFO] ReadDWord: Adress = 0x580, Data = 0xcccccccc
2017-07-12 20:29:07.606 [INFO] ReadDWord: Adress = 0x580, Data = 0xcccccccc
2017-07-12 20:29:07.606 [INFO] ReadDWord: Adress = 0x580, Data = 0xcccccccc
2017-07-12 20:29:07.606 [INFO] ReadDWord: Adress = 0x580, Data = 0xcccccccc
2017-07-12 20:29:07.606 [INFO] ReadDWord: Adress = 0x580, Data = 0xcccccccc
2017-07-12 20:29:07.606 [INFO] ReadDWord: Adress = 0x580, Data = 0xcccccccc
2017-07-12 20:29:07.606 [INFO] ReadDWord: Adress = 0x580, Data = 0xcccccccc
2017-07-12 20:29:07.606 [INFO] ReadDWord: Adress = 0x580, Data = 0xcccccccc
2017-07-12 20:29:07.606 [INFO] ReadDWord: Adress = 0x580, Data = 0xcccccccc
2017-07-12 20:29:07.606 [INFO] ReadDWord: Adress = 0x580, Data = 0xcccccccc
2017-07-12 20:29:07.606 [INFO] ReadDWord: Adress = 0x580, Data = 0xcccccccc
2017-07-12 20:29:07.606 [INFO] ReadDWord: Adress = 0x580, Data = 0xcccccccc
2017-07-12 20:29:07.606 [INFO] ReadDWord: Adress = 0x580, Data = 0xcccccccc
2017-07-12 20:29:07.606 [INFO] ReadDWord: Adress = 0x580, Data = 0xcccccccc
2017-07-12 20:29:07.606 [INFO] ReadDWord: Adress = 0x580, Data = 0xcccccccc
2017-07-12 20:29:07.606 [INFO] ReadDWord: Adress = 0x580, Data = 0xcccccccc
2017-07-12 20:29:07.606 [INFO] ReadDWord: Adress = 0x580, Data = 0xcccccccc
2017-07-12 20:29:07.606 [INFO] ReadDWord: Adress = 0x580, Data = 0xcccccccc
2017-07-12 20:29:07.606 [INFO] ReadDWord: Adress = 0x580, Data = 0xcccccccc
2017-07-12 20:29:07.606 [INFO] ReadDWord: Adress = 0x580, Data = 0xcccccccc
2017-07-12 20:29:07.606 [INFO] ReadDWord: Adress = 0x580, Data = 0xcccccccc
2017-07-12 20:29:07.606 [INFO] ReadDWord: Adress = 0x580, Data = 0xcccccccc
2017-07-12 20:29:07.606 [INFO] ReadDWord: Adress = 0x580, Data = 0xcccccccc
2017-07-12 20:29:07.606 [INFO] ReadDWord: Adress = 0x580, Data = 0xcccccccc
2017-07-12 20:29:07.606 [INFO] ReadDWord: Adress = 0x580, Data = 0xcccccccc
2017-07-12 20:29:07.606 [INFO] ReadDWord: Adress = 0x580, Data = 0xcccccccc
2017-07-12 20:29:07.607 [INFO] ReadDWord: Adress = 0x580, Data = 0xcccccccc
2017-07-12 20:29:07.607 [INFO] ReadDWord: Adress = 0x580, Data = 0xcccccccc
2017-07-12 20:29:07.607 [INFO] ReadDWord: Adress = 0x580, Data = 0xcccccccc
2017-07-12 20:29:07.607 [INFO] ReadDWord: Adress = 0x580, Data = 0xcccccccc
2017-07-12 20:29:07.607 [INFO] ReadDWord: Adress = 0x580, Data = 0xcccccccc
2017-07-12 20:29:07.607 [INFO] ReadDWord: Adress = 0x580, Data = 0xcccccccc
2017-07-12 20:29:07.607 [INFO] ReadDWord: Adress = 0x580, Data = 0xcccccccc
2017-07-12 20:29:07.607 [INFO] ReadDWord: Adress = 0x580, Data = 0xcccccccc
2017-07-12 20:29:07.607 [INFO] ReadDWord: Adress = 0x580, Data = 0xcccccccc
2017-07-12 20:29:07.607 [INFO] ReadDWord: Adress = 0x580, Data = 0xcccccccc
2017-07-12 20:29:07.607 [INFO] ReadDWord: Adress = 0x580, Data = 0xcccccccc
2017-07-12 20:29:07.607 [INFO] ReadDWord: Adress = 0x580, Data = 0xcccccccc
2017-07-12 20:29:07.607 [INFO] ReadDWord: Adress = 0x580, Data = 0xcccccccc
2017-07-12 20:29:07.607 [INFO] ReadDWord: Adress = 0x580, Data = 0xcccccccc
2017-07-12 20:29:07.607 [INFO] ReadDWord: Adress = 0x580, Data = 0xcccccccc
2017-07-12 20:29:07.607 [INFO] ReadDWord: Adress = 0x580, Data = 0xcccccccc
2017-07-12 20:29:07.607 [INFO] ReadDWord: Adress = 0x580, Data = 0xcccccccc
2017-07-12 20:29:07.607 [INFO] ReadDWord: Adress = 0x580, Data = 0xcccccccc
2017-07-12 20:29:07.607 [INFO] ReadDWord: Adress = 0x580, Data = 0xcccccccc
2017-07-12 20:29:07.607 [INFO] ReadDWord: Adress = 0x580, Data = 0xcccccccc
2017-07-12 20:29:07.607 [INFO] ReadDWord: Adress = 0x580, Data = 0xcccccccc
2017-07-12 20:29:07.607 [INFO] ReadDWord: Adress = 0x580, Data = 0xcccccccc
2017-07-12 20:29:07.607 [INFO] ReadDWord: Adress = 0x580, Data = 0xcccccccc
2017-07-12 20:29:07.607 [INFO] ReadDWord: Adress = 0x580, Data = 0xcccccccc
2017-07-12 20:29:07.607 [INFO] ReadDWord: Adress = 0x580, Data = 0xcccccccc
2017-07-12 20:29:07.607 [INFO] ReadDWord: Adress = 0x580, Data = 0xcccccccc
2017-07-12 20:29:07.607 [INFO] ReadDWord: Adress = 0x580, Data = 0xcccccccc
2017-07-12 20:29:07.607 [INFO] ReadDWord: Adress = 0x580, Data = 0xcccccccc
2017-07-12 20:29:07.607 [INFO] ReadDWord: Adress = 0x580, Data = 0xcccccccc
2017-07-12 20:29:07.607 [INFO] ReadDWord: Adress = 0x580, Data = 0xcccccccc
2017-07-12 20:29:41.727 [INFO] DAQ_InitWithOptions, ResourceName = PXI::13::INSTER
2017-07-12 20:29:41.727 [INFO] DAQ_InitWithOptions, ResourceName = PXI::13::INSTER, ´ò¿ªÊ§°Ü£¡
2017-07-12 20:29:41.727 [INFO] DAQ_InitWithOptions, ResourceName = PXI::13::INSTER, Vi = 17565704
2017-07-12 20:29:41.727 [INFO] WriteDWord: Adress = 0x58c, Data = 0x1
2017-07-12 20:29:41.737 [INFO] WriteDWord: Adress = 0x594, Data = 0x0
2017-07-12 20:29:41.747 [INFO] WriteDWord: Adress = 0x594, Data = 0x1
2017-07-12 20:29:41.757 [INFO] WriteDWord: Adress = 0x594, Data = 0x0
2017-07-12 20:29:41.767 [INFO] WriteDWord: Adress = 0x58c, Data = 0x2
2017-07-12 20:29:41.777 [INFO] WriteDWord: Adress = 0x594, Data = 0x0
2017-07-12 20:29:41.787 [INFO] WriteDWord: Adress = 0x594, Data = 0x1
2017-07-12 20:29:41.797 [INFO] WriteDWord: Adress = 0x594, Data = 0x0
2017-07-12 20:29:41.807 [INFO] WriteDWord: Adress = 0x58c, Data = 0x3
2017-07-12 20:29:41.817 [INFO] WriteDWord: Adress = 0x594, Data = 0x0
2017-07-12 20:29:41.827 [INFO] WriteDWord: Adress = 0x594, Data = 0x1
2017-07-12 20:29:41.837 [INFO] WriteDWord: Adress = 0x594, Data = 0x0
2017-07-12 20:29:41.847 [INFO] WriteDWord: Adress = 0x58c, Data = 0x4
2017-07-12 20:29:41.857 [INFO] WriteDWord: Adress = 0x594, Data = 0x0
2017-07-12 20:29:41.867 [INFO] WriteDWord: Adress = 0x594, Data = 0x1
2017-07-12 20:29:41.877 [INFO] WriteDWord: Adress = 0x594, Data = 0x0
2017-07-12 20:29:41.887 [INFO] WriteDWord: Adress = 0x58c, Data = 0x5
2017-07-12 20:29:41.897 [INFO] WriteDWord: Adress = 0x594, Data = 0x0
2017-07-12 20:29:41.907 [INFO] WriteDWord: Adress = 0x594, Data = 0x1
2017-07-12 20:29:41.917 [INFO] WriteDWord: Adress = 0x594, Data = 0x0
2017-07-12 20:29:41.927 [INFO] WriteDWord: Adress = 0x58c, Data = 0x6
2017-07-12 20:29:41.937 [INFO] WriteDWord: Adress = 0x594, Data = 0x0
2017-07-12 20:29:41.947 [INFO] WriteDWord: Adress = 0x594, Data = 0x1
2017-07-12 20:29:41.957 [INFO] WriteDWord: Adress = 0x594, Data = 0x0
2017-07-12 20:29:41.967 [INFO] WriteDWord: Adress = 0x4f4, Data = 0x200b70
2017-07-12 20:29:41.967 [INFO] WriteDWord: Adress = 0x504, Data = 0x0
2017-07-12 20:29:41.967 [INFO] WriteDWord: Adress = 0x504, Data = 0x1
2017-07-12 20:29:41.967 [INFO] WriteDWord: Adress = 0x504, Data = 0x0
2017-07-12 20:29:41.967 [INFO] WriteDWord: Adress = 0x504, Data = 0x1
2017-07-12 20:29:41.967 [INFO] WriteDWord: Adress = 0x5b4, Data = 0x80
