G:\Backup\2017项目相关\DAQ_VS10\DAQ_Panal\Release\cl.command.1.tlog
G:\Backup\2017项目相关\DAQ_VS10\DAQ_Panal\Release\CL.read.1.tlog
G:\Backup\2017项目相关\DAQ_VS10\DAQ_Panal\Release\CL.write.1.tlog
G:\BACKUP\2017项目相关\DAQ_VS10\DAQ_PANAL\RELEASE\DAQ_PANAL.OBJ
G:\BACKUP\2017项目相关\DAQ_VS10\DAQ_PANAL\RELEASE\DAQ_PANAL.PCH
G:\BACKUP\2017项目相关\DAQ_VS10\DAQ_PANAL\RELEASE\DAQ_PANAL.RES
G:\BACKUP\2017项目相关\DAQ_VS10\DAQ_PANAL\RELEASE\DAQ_PANALDOC.OBJ
G:\BACKUP\2017项目相关\DAQ_VS10\DAQ_PANAL\RELEASE\DAQ_PANALVIEW.OBJ
G:\BACKUP\2017项目相关\DAQ_VS10\DAQ_PANAL\RELEASE\DAQCONTROL.OBJ
G:\BACKUP\2017项目相关\DAQ_VS10\DAQ_PANAL\RELEASE\DATACHOOSE.OBJ
G:\BACKUP\2017项目相关\DAQ_VS10\DAQ_PANAL\RELEASE\GLOBAL.OBJ
G:\Backup\2017项目相关\DAQ_VS10\DAQ_Panal\Release\link.command.1.tlog
G:\Backup\2017项目相关\DAQ_VS10\DAQ_Panal\Release\link.read.1.tlog
G:\Backup\2017项目相关\DAQ_VS10\DAQ_Panal\Release\link.write.1.tlog
G:\BACKUP\2017项目相关\DAQ_VS10\DAQ_PANAL\RELEASE\MAINFRM.OBJ
G:\BACKUP\2017项目相关\DAQ_VS10\DAQ_PANAL\RELEASE\MYBUTTON.OBJ
G:\Backup\2017项目相关\DAQ_VS10\DAQ_Panal\Release\rc.command.1.tlog
G:\Backup\2017项目相关\DAQ_VS10\DAQ_Panal\Release\rc.read.1.tlog
G:\Backup\2017项目相关\DAQ_VS10\DAQ_Panal\Release\rc.write.1.tlog
G:\BACKUP\2017项目相关\DAQ_VS10\DAQ_PANAL\RELEASE\STDAFX.OBJ
G:\BACKUP\2017项目相关\DAQ_VS10\DAQ_PANAL\RELEASE\VC100.PDB
G:\BACKUP\2017项目相关\DAQ_VS10\DAQ_PANAL\RELEASE\WAVECANVAS.OBJ
